06-May-2019 16:42:41.761 정보 [main] org.apache.catalina.startup.VersionLoggerListener.log Server version:        Apache Tomcat/8.5.40
06-May-2019 16:42:41.767 정보 [main] org.apache.catalina.startup.VersionLoggerListener.log Server built:          Apr 10 2019 14:31:19 UTC
06-May-2019 16:42:41.767 정보 [main] org.apache.catalina.startup.VersionLoggerListener.log Server number:         8.5.40.0
06-May-2019 16:42:41.768 정보 [main] org.apache.catalina.startup.VersionLoggerListener.log OS Name:               Windows 10
06-May-2019 16:42:41.769 정보 [main] org.apache.catalina.startup.VersionLoggerListener.log OS Version:            10.0
06-May-2019 16:42:41.769 정보 [main] org.apache.catalina.startup.VersionLoggerListener.log Architecture:          amd64
06-May-2019 16:42:41.769 정보 [main] org.apache.catalina.startup.VersionLoggerListener.log Java Home:             C:\Program Files\Java\jre-10
06-May-2019 16:42:41.772 정보 [main] org.apache.catalina.startup.VersionLoggerListener.log JVM Version:           10+46
06-May-2019 16:42:41.772 정보 [main] org.apache.catalina.startup.VersionLoggerListener.log JVM Vendor:            "Oracle Corporation"
06-May-2019 16:42:41.774 정보 [main] org.apache.catalina.startup.VersionLoggerListener.log CATALINA_BASE:         C:\Users\user\OneDrive\과제\Network Programming Team Project\JSP\apache-tomcat-8.5.40
06-May-2019 16:42:41.782 정보 [main] org.apache.catalina.startup.VersionLoggerListener.log CATALINA_HOME:         C:\Users\user\OneDrive\과제\Network Programming Team Project\JSP\apache-tomcat-8.5.40
06-May-2019 16:42:41.788 정보 [main] org.apache.catalina.startup.VersionLoggerListener.log Command line argument: --add-opens=java.base/java.lang=ALL-UNNAMED
06-May-2019 16:42:41.790 정보 [main] org.apache.catalina.startup.VersionLoggerListener.log Command line argument: --add-opens=java.base/java.io=ALL-UNNAMED
06-May-2019 16:42:41.794 정보 [main] org.apache.catalina.startup.VersionLoggerListener.log Command line argument: --add-opens=java.rmi/sun.rmi.transport=ALL-UNNAMED
06-May-2019 16:42:41.797 정보 [main] org.apache.catalina.startup.VersionLoggerListener.log Command line argument: -Djava.util.logging.config.file=C:\Users\user\OneDrive\과제\Network Programming Team Project\JSP\apache-tomcat-8.5.40\conf\logging.properties
06-May-2019 16:42:41.798 정보 [main] org.apache.catalina.startup.VersionLoggerListener.log Command line argument: -Djava.util.logging.manager=org.apache.juli.ClassLoaderLogManager
06-May-2019 16:42:41.798 정보 [main] org.apache.catalina.startup.VersionLoggerListener.log Command line argument: -Djdk.tls.ephemeralDHKeySize=2048
06-May-2019 16:42:41.801 정보 [main] org.apache.catalina.startup.VersionLoggerListener.log Command line argument: -Djava.protocol.handler.pkgs=org.apache.catalina.webresources
06-May-2019 16:42:41.803 정보 [main] org.apache.catalina.startup.VersionLoggerListener.log Command line argument: -Dignore.endorsed.dirs=
06-May-2019 16:42:41.804 정보 [main] org.apache.catalina.startup.VersionLoggerListener.log Command line argument: -Dcatalina.base=C:\Users\user\OneDrive\과제\Network Programming Team Project\JSP\apache-tomcat-8.5.40
06-May-2019 16:42:41.810 정보 [main] org.apache.catalina.startup.VersionLoggerListener.log Command line argument: -Dcatalina.home=C:\Users\user\OneDrive\과제\Network Programming Team Project\JSP\apache-tomcat-8.5.40
06-May-2019 16:42:41.812 정보 [main] org.apache.catalina.startup.VersionLoggerListener.log Command line argument: -Djava.io.tmpdir=C:\Users\user\OneDrive\과제\Network Programming Team Project\JSP\apache-tomcat-8.5.40\temp
06-May-2019 16:42:41.814 정보 [main] org.apache.catalina.core.AprLifecycleListener.lifecycleEvent Loaded APR based Apache Tomcat Native library [1.2.21] using APR version [1.6.5].
06-May-2019 16:42:41.815 정보 [main] org.apache.catalina.core.AprLifecycleListener.lifecycleEvent APR capabilities: IPv6 [true], sendfile [true], accept filters [false], random [true].
06-May-2019 16:42:41.816 정보 [main] org.apache.catalina.core.AprLifecycleListener.lifecycleEvent APR/OpenSSL configuration: useAprConnector [false], useOpenSSL [true]
06-May-2019 16:42:41.833 정보 [main] org.apache.catalina.core.AprLifecycleListener.initializeSSL OpenSSL successfully initialized [OpenSSL 1.1.1a  20 Nov 2018]
06-May-2019 16:42:41.932 정보 [main] org.apache.coyote.AbstractProtocol.init Initializing ProtocolHandler ["http-nio-8080"]
06-May-2019 16:42:42.435 정보 [main] org.apache.tomcat.util.net.NioSelectorPool.getSharedSelector Using a shared selector for servlet write/read
06-May-2019 16:42:42.487 정보 [main] org.apache.coyote.AbstractProtocol.init Initializing ProtocolHandler ["ajp-nio-8009"]
06-May-2019 16:42:42.528 정보 [main] org.apache.tomcat.util.net.NioSelectorPool.getSharedSelector Using a shared selector for servlet write/read
06-May-2019 16:42:42.537 정보 [main] org.apache.catalina.startup.Catalina.load Initialization processed in 1685 ms
06-May-2019 16:42:42.698 정보 [main] org.apache.catalina.core.StandardService.startInternal Starting service [Catalina]
06-May-2019 16:42:42.708 정보 [main] org.apache.catalina.core.StandardEngine.startInternal Starting Servlet Engine: Apache Tomcat/8.5.40
06-May-2019 16:42:42.758 정보 [localhost-startStop-1] org.apache.catalina.startup.HostConfig.deployDirectory Deploying web application directory [C:\Users\user\OneDrive\과제\Network Programming Team Project\JSP\apache-tomcat-8.5.40\webapps\docs]
06-May-2019 16:42:43.728 경고 [localhost-startStop-1] org.apache.catalina.util.SessionIdGeneratorBase.createSecureRandom Creation of SecureRandom instance for session ID generation using [SHA1PRNG] took [367] milliseconds.
06-May-2019 16:42:43.772 정보 [localhost-startStop-1] org.apache.catalina.startup.HostConfig.deployDirectory Deployment of web application directory [C:\Users\user\OneDrive\과제\Network Programming Team Project\JSP\apache-tomcat-8.5.40\webapps\docs] has finished in [1,014] ms
06-May-2019 16:42:43.783 정보 [localhost-startStop-1] org.apache.catalina.startup.HostConfig.deployDirectory Deploying web application directory [C:\Users\user\OneDrive\과제\Network Programming Team Project\JSP\apache-tomcat-8.5.40\webapps\examples]
06-May-2019 16:42:44.931 정보 [localhost-startStop-1] org.apache.catalina.startup.HostConfig.deployDirectory Deployment of web application directory [C:\Users\user\OneDrive\과제\Network Programming Team Project\JSP\apache-tomcat-8.5.40\webapps\examples] has finished in [1,148] ms
06-May-2019 16:42:44.937 정보 [localhost-startStop-1] org.apache.catalina.startup.HostConfig.deployDirectory Deploying web application directory [C:\Users\user\OneDrive\과제\Network Programming Team Project\JSP\apache-tomcat-8.5.40\webapps\host-manager]
06-May-2019 16:42:45.062 정보 [localhost-startStop-1] org.apache.catalina.startup.HostConfig.deployDirectory Deployment of web application directory [C:\Users\user\OneDrive\과제\Network Programming Team Project\JSP\apache-tomcat-8.5.40\webapps\host-manager] has finished in [126] ms
06-May-2019 16:42:45.074 정보 [localhost-startStop-1] org.apache.catalina.startup.HostConfig.deployDirectory Deploying web application directory [C:\Users\user\OneDrive\과제\Network Programming Team Project\JSP\apache-tomcat-8.5.40\webapps\manager]
06-May-2019 16:42:45.281 정보 [localhost-startStop-1] org.apache.catalina.startup.HostConfig.deployDirectory Deployment of web application directory [C:\Users\user\OneDrive\과제\Network Programming Team Project\JSP\apache-tomcat-8.5.40\webapps\manager] has finished in [207] ms
06-May-2019 16:42:45.302 정보 [localhost-startStop-1] org.apache.catalina.startup.HostConfig.deployDirectory Deploying web application directory [C:\Users\user\OneDrive\과제\Network Programming Team Project\JSP\apache-tomcat-8.5.40\webapps\ROOT]
06-May-2019 16:42:45.402 정보 [localhost-startStop-1] org.apache.catalina.startup.HostConfig.deployDirectory Deployment of web application directory [C:\Users\user\OneDrive\과제\Network Programming Team Project\JSP\apache-tomcat-8.5.40\webapps\ROOT] has finished in [100] ms
06-May-2019 16:42:45.420 정보 [main] org.apache.coyote.AbstractProtocol.start Starting ProtocolHandler ["http-nio-8080"]
06-May-2019 16:42:45.452 정보 [main] org.apache.coyote.AbstractProtocol.start Starting ProtocolHandler ["ajp-nio-8009"]
06-May-2019 16:42:45.464 정보 [main] org.apache.catalina.startup.Catalina.start Server startup in 2911 ms
